{"timestamp":"2025-07-14T04:11:12.432091","level":"info","event":"DAG bundles loaded: dags-folder","logger":"airflow.dag_processing.bundles.manager.DagBundlesManager"}
{"timestamp":"2025-07-14T04:11:12.432360","level":"info","event":"Filling up the DagBag from /home/pog/projects/credriskanalpipe/airflow/dags/pipeline.py","logger":"airflow.models.dagbag.DagBag"}
{"timestamp":"2025-07-14T04:11:12.437764","level":"info","event":"Tmp dir root location: /tmp","logger":"airflow.task.hooks.airflow.providers.standard.hooks.subprocess.SubprocessHook"}
{"timestamp":"2025-07-14T04:11:12.437925","level":"info","event":"Running command: ['/usr/bin/bash', '-c', 'cd /home/pog/projects/credriskanalpipe && python3 scripts/fetch_raw.py']","logger":"airflow.task.hooks.airflow.providers.standard.hooks.subprocess.SubprocessHook"}
{"timestamp":"2025-07-14T04:11:12.443265","level":"info","event":"Output:","logger":"airflow.task.hooks.airflow.providers.standard.hooks.subprocess.SubprocessHook"}
{"timestamp":"2025-07-14T04:11:15.171495","level":"info","event":"\r[*********************100%***********************]  1 of 1 completed","logger":"airflow.task.hooks.airflow.providers.standard.hooks.subprocess.SubprocessHook"}
{"timestamp":"2025-07-14T04:11:15.881087","level":"info","event":"\r[*********************100%***********************]  1 of 1 completed","logger":"airflow.task.hooks.airflow.providers.standard.hooks.subprocess.SubprocessHook"}
{"timestamp":"2025-07-14T04:11:16.590578","level":"info","event":"\r[*********************100%***********************]  1 of 1 completed","logger":"airflow.task.hooks.airflow.providers.standard.hooks.subprocess.SubprocessHook"}
{"timestamp":"2025-07-14T04:11:17.284283","level":"info","event":"\r[*********************100%***********************]  1 of 1 completed","logger":"airflow.task.hooks.airflow.providers.standard.hooks.subprocess.SubprocessHook"}
{"timestamp":"2025-07-14T04:11:17.791292","level":"info","event":"\r[*********************100%***********************]  1 of 1 completed","logger":"airflow.task.hooks.airflow.providers.standard.hooks.subprocess.SubprocessHook"}
{"timestamp":"2025-07-14T04:11:18.278749","level":"info","event":"Downloading Lending Club data from https://resources.lendingclub.com/LoanStats3a.csv.zip ...","logger":"airflow.task.hooks.airflow.providers.standard.hooks.subprocess.SubprocessHook"}
{"timestamp":"2025-07-14T04:11:18.278824","level":"info","event":"Success! Saved to /home/pog/projects/credriskanalpipe/data/raw/LoanStats3a.csv.zip","logger":"airflow.task.hooks.airflow.providers.standard.hooks.subprocess.SubprocessHook"}
{"timestamp":"2025-07-14T04:11:18.278849","level":"info","event":"Wrote /home/pog/projects/credriskanalpipe/data/raw/bank_prices/JPM.csv","logger":"airflow.task.hooks.airflow.providers.standard.hooks.subprocess.SubprocessHook"}
{"timestamp":"2025-07-14T04:11:18.278868","level":"info","event":"Wrote /home/pog/projects/credriskanalpipe/data/raw/bank_prices/BAC.csv","logger":"airflow.task.hooks.airflow.providers.standard.hooks.subprocess.SubprocessHook"}
{"timestamp":"2025-07-14T04:11:18.278885","level":"info","event":"Wrote /home/pog/projects/credriskanalpipe/data/raw/bank_prices/C.csv","logger":"airflow.task.hooks.airflow.providers.standard.hooks.subprocess.SubprocessHook"}
{"timestamp":"2025-07-14T04:11:18.278901","level":"info","event":"Wrote /home/pog/projects/credriskanalpipe/data/raw/bank_prices/WFC.csv","logger":"airflow.task.hooks.airflow.providers.standard.hooks.subprocess.SubprocessHook"}
{"timestamp":"2025-07-14T04:11:18.278916","level":"info","event":"Wrote /home/pog/projects/credriskanalpipe/data/raw/bank_prices/GS.csv","logger":"airflow.task.hooks.airflow.providers.standard.hooks.subprocess.SubprocessHook"}
{"timestamp":"2025-07-14T04:11:18.278933","level":"info","event":"Wrote /home/pog/projects/credriskanalpipe/data/raw/macro.csv","logger":"airflow.task.hooks.airflow.providers.standard.hooks.subprocess.SubprocessHook"}
{"timestamp":"2025-07-14T04:11:18.278949","level":"info","event":"✅ All raw data downloaded to data/raw/","logger":"airflow.task.hooks.airflow.providers.standard.hooks.subprocess.SubprocessHook"}
{"timestamp":"2025-07-14T04:11:18.326679","level":"info","event":"Command exited with return code 0","logger":"airflow.task.hooks.airflow.providers.standard.hooks.subprocess.SubprocessHook"}
{"timestamp":"2025-07-14T04:11:18.327023","level":"info","event":"Pushing xcom","ti":"RuntimeTaskInstance(id=UUID('01980721-2fc9-7c43-8184-fb47e23bb3b3'), task_id='fetch_raw_data', dag_id='credisk_pipeline_fetch_raw', run_id='manual__2025-07-14T04:11:12.190486+00:00', try_number=1, map_index=-1, hostname='pogtower', context_carrier=None, task=<Task(BashOperator): fetch_raw_data>, bundle_instance=LocalDagBundle(name=dags-folder), max_tries=1, start_date=datetime.datetime(2025, 7, 14, 4, 11, 12, 346679, tzinfo=TzInfo(UTC)), end_date=None, state=<TaskInstanceState.RUNNING: 'running'>, is_mapped=False, rendered_map_index=None)","logger":"task"}
