{"timestamp":"2025-07-13T22:36:52.559971","level":"info","event":"DAG bundles loaded: dags-folder","logger":"airflow.dag_processing.bundles.manager.DagBundlesManager"}
{"timestamp":"2025-07-13T22:36:52.560225","level":"info","event":"Filling up the DagBag from /home/pog/projects/credriskanalpipe/airflow/dags/pipeline.py","logger":"airflow.models.dagbag.DagBag"}
{"timestamp":"2025-07-13T22:36:52.565460","level":"info","event":"Tmp dir root location: /tmp","logger":"airflow.task.hooks.airflow.providers.standard.hooks.subprocess.SubprocessHook"}
{"timestamp":"2025-07-13T22:36:52.565638","level":"info","event":"Running command: ['/usr/bin/bash', '-c', 'cd /home/pog/projects/credriskanalpipe && python3 scripts/fetch_raw.py']","logger":"airflow.task.hooks.airflow.providers.standard.hooks.subprocess.SubprocessHook"}
{"timestamp":"2025-07-13T22:36:52.572839","level":"info","event":"Output:","logger":"airflow.task.hooks.airflow.providers.standard.hooks.subprocess.SubprocessHook"}
{"timestamp":"2025-07-13T22:36:55.394657","level":"info","event":"\r[*********************100%***********************]  1 of 1 completed","logger":"airflow.task.hooks.airflow.providers.standard.hooks.subprocess.SubprocessHook"}
{"timestamp":"2025-07-13T22:36:55.930549","level":"info","event":"\r[*********************100%***********************]  1 of 1 completed","logger":"airflow.task.hooks.airflow.providers.standard.hooks.subprocess.SubprocessHook"}
{"timestamp":"2025-07-13T22:36:56.405579","level":"info","event":"\r[*********************100%***********************]  1 of 1 completed","logger":"airflow.task.hooks.airflow.providers.standard.hooks.subprocess.SubprocessHook"}
{"timestamp":"2025-07-13T22:36:56.828704","level":"info","event":"\r[*********************100%***********************]  1 of 1 completed","logger":"airflow.task.hooks.airflow.providers.standard.hooks.subprocess.SubprocessHook"}
{"timestamp":"2025-07-13T22:36:57.411355","level":"info","event":"\r[*********************100%***********************]  1 of 1 completed","logger":"airflow.task.hooks.airflow.providers.standard.hooks.subprocess.SubprocessHook"}
{"timestamp":"2025-07-13T22:36:58.016418","level":"info","event":"Downloading Lending Club data from https://resources.lendingclub.com/LoanStats3a.csv.zip ...","logger":"airflow.task.hooks.airflow.providers.standard.hooks.subprocess.SubprocessHook"}
{"timestamp":"2025-07-13T22:36:58.016490","level":"info","event":"Success! Saved to /home/pog/projects/credriskanalpipe/data/raw/LoanStats3a.csv.zip","logger":"airflow.task.hooks.airflow.providers.standard.hooks.subprocess.SubprocessHook"}
{"timestamp":"2025-07-13T22:36:58.016518","level":"info","event":"Wrote /home/pog/projects/credriskanalpipe/data/raw/bank_prices/JPM.csv","logger":"airflow.task.hooks.airflow.providers.standard.hooks.subprocess.SubprocessHook"}
{"timestamp":"2025-07-13T22:36:58.016538","level":"info","event":"Wrote /home/pog/projects/credriskanalpipe/data/raw/bank_prices/BAC.csv","logger":"airflow.task.hooks.airflow.providers.standard.hooks.subprocess.SubprocessHook"}
{"timestamp":"2025-07-13T22:36:58.016555","level":"info","event":"Wrote /home/pog/projects/credriskanalpipe/data/raw/bank_prices/C.csv","logger":"airflow.task.hooks.airflow.providers.standard.hooks.subprocess.SubprocessHook"}
{"timestamp":"2025-07-13T22:36:58.016572","level":"info","event":"Wrote /home/pog/projects/credriskanalpipe/data/raw/bank_prices/WFC.csv","logger":"airflow.task.hooks.airflow.providers.standard.hooks.subprocess.SubprocessHook"}
{"timestamp":"2025-07-13T22:36:58.016592","level":"info","event":"Wrote /home/pog/projects/credriskanalpipe/data/raw/bank_prices/GS.csv","logger":"airflow.task.hooks.airflow.providers.standard.hooks.subprocess.SubprocessHook"}
{"timestamp":"2025-07-13T22:36:58.016609","level":"info","event":"Wrote /home/pog/projects/credriskanalpipe/data/raw/macro.csv","logger":"airflow.task.hooks.airflow.providers.standard.hooks.subprocess.SubprocessHook"}
{"timestamp":"2025-07-13T22:36:58.016626","level":"info","event":"✅ All raw data downloaded to data/raw/","logger":"airflow.task.hooks.airflow.providers.standard.hooks.subprocess.SubprocessHook"}
{"timestamp":"2025-07-13T22:36:58.071061","level":"info","event":"Command exited with return code 0","logger":"airflow.task.hooks.airflow.providers.standard.hooks.subprocess.SubprocessHook"}
{"timestamp":"2025-07-13T22:36:58.071412","level":"info","event":"Pushing xcom","ti":"RuntimeTaskInstance(id=UUID('019805ef-15b8-7467-9342-f00566543caa'), task_id='fetch_raw_data', dag_id='credisk_pipeline_fetch_raw', run_id='manual__2025-07-13T22:36:51.502101+00:00', try_number=1, map_index=-1, hostname='pogtower', context_carrier=None, task=<Task(BashOperator): fetch_raw_data>, bundle_instance=LocalDagBundle(name=dags-folder), max_tries=1, start_date=datetime.datetime(2025, 7, 13, 22, 36, 52, 274388, tzinfo=TzInfo(UTC)), end_date=None, state=<TaskInstanceState.RUNNING: 'running'>, is_mapped=False, rendered_map_index=None)","logger":"task"}
