{"timestamp":"2025-07-14T04:11:21.343323","level":"info","event":"DAG bundles loaded: dags-folder","logger":"airflow.dag_processing.bundles.manager.DagBundlesManager"}
{"timestamp":"2025-07-14T04:11:21.343556","level":"info","event":"Filling up the DagBag from /home/pog/projects/credriskanalpipe/airflow/dags/pipeline.py","logger":"airflow.models.dagbag.DagBag"}
{"timestamp":"2025-07-14T04:11:21.348909","level":"info","event":"Tmp dir root location: /tmp","logger":"airflow.task.hooks.airflow.providers.standard.hooks.subprocess.SubprocessHook"}
{"timestamp":"2025-07-14T04:11:21.349130","level":"info","event":"Running command: ['/usr/bin/bash', '-c', 'cd /home/pog/projects/credriskanalpipe/dbt && dbt run --target dev']","logger":"airflow.task.hooks.airflow.providers.standard.hooks.subprocess.SubprocessHook"}
{"timestamp":"2025-07-14T04:11:21.358818","level":"info","event":"Output:","logger":"airflow.task.hooks.airflow.providers.standard.hooks.subprocess.SubprocessHook"}
{"timestamp":"2025-07-14T04:11:22.078613","level":"info","event":"\u001b[0m04:11:22  Running with dbt=1.10.4","logger":"airflow.task.hooks.airflow.providers.standard.hooks.subprocess.SubprocessHook"}
{"timestamp":"2025-07-14T04:11:22.220148","level":"info","event":"\u001b[0m04:11:22  Registered adapter: duckdb=1.9.4","logger":"airflow.task.hooks.airflow.providers.standard.hooks.subprocess.SubprocessHook"}
{"timestamp":"2025-07-14T04:11:22.308437","level":"info","event":"\u001b[0m04:11:22  Unable to do partial parsing because config vars, config profile, or config target have changed","logger":"airflow.task.hooks.airflow.providers.standard.hooks.subprocess.SubprocessHook"}
{"timestamp":"2025-07-14T04:11:23.087555","level":"info","event":"\u001b[0m04:11:23  Found 5 models, 21 data tests, 7 sources, 545 macros","logger":"airflow.task.hooks.airflow.providers.standard.hooks.subprocess.SubprocessHook"}
{"timestamp":"2025-07-14T04:11:23.088762","level":"info","event":"\u001b[0m04:11:23","logger":"airflow.task.hooks.airflow.providers.standard.hooks.subprocess.SubprocessHook"}
{"timestamp":"2025-07-14T04:11:23.088940","level":"info","event":"\u001b[0m04:11:23  Concurrency: 1 threads (target='dev')","logger":"airflow.task.hooks.airflow.providers.standard.hooks.subprocess.SubprocessHook"}
{"timestamp":"2025-07-14T04:11:23.089089","level":"info","event":"\u001b[0m04:11:23","logger":"airflow.task.hooks.airflow.providers.standard.hooks.subprocess.SubprocessHook"}
{"timestamp":"2025-07-14T04:11:23.141529","level":"info","event":"\u001b[0m04:11:23  1 of 5 START sql view model main.stg_bank_prices ............................... [RUN]","logger":"airflow.task.hooks.airflow.providers.standard.hooks.subprocess.SubprocessHook"}
{"timestamp":"2025-07-14T04:11:23.191916","level":"info","event":"\u001b[0m04:11:23  1 of 5 OK created sql view model main.stg_bank_prices .......................... [\u001b[32mOK\u001b[0m in 0.05s]","logger":"airflow.task.hooks.airflow.providers.standard.hooks.subprocess.SubprocessHook"}
{"timestamp":"2025-07-14T04:11:23.192588","level":"info","event":"\u001b[0m04:11:23  2 of 5 START sql view model main.stg_loan_stats ................................ [RUN]","logger":"airflow.task.hooks.airflow.providers.standard.hooks.subprocess.SubprocessHook"}
{"timestamp":"2025-07-14T04:11:23.209059","level":"info","event":"\u001b[0m04:11:23  2 of 5 OK created sql view model main.stg_loan_stats ........................... [\u001b[32mOK\u001b[0m in 0.02s]","logger":"airflow.task.hooks.airflow.providers.standard.hooks.subprocess.SubprocessHook"}
{"timestamp":"2025-07-14T04:11:23.209720","level":"info","event":"\u001b[0m04:11:23  3 of 5 START sql view model main.stg_macro ..................................... [RUN]","logger":"airflow.task.hooks.airflow.providers.standard.hooks.subprocess.SubprocessHook"}
{"timestamp":"2025-07-14T04:11:23.267583","level":"info","event":"\u001b[0m04:11:23  3 of 5 OK created sql view model main.stg_macro ................................ [\u001b[32mOK\u001b[0m in 0.06s]","logger":"airflow.task.hooks.airflow.providers.standard.hooks.subprocess.SubprocessHook"}
{"timestamp":"2025-07-14T04:11:23.268246","level":"info","event":"\u001b[0m04:11:23  4 of 5 START sql view model main.mart_market_metrics ........................... [RUN]","logger":"airflow.task.hooks.airflow.providers.standard.hooks.subprocess.SubprocessHook"}
{"timestamp":"2025-07-14T04:11:23.284272","level":"info","event":"\u001b[0m04:11:23  4 of 5 OK created sql view model main.mart_market_metrics ...................... [\u001b[32mOK\u001b[0m in 0.02s]","logger":"airflow.task.hooks.airflow.providers.standard.hooks.subprocess.SubprocessHook"}
{"timestamp":"2025-07-14T04:11:23.284922","level":"info","event":"\u001b[0m04:11:23  5 of 5 START sql view model main.mart_credit_metrics ........................... [RUN]","logger":"airflow.task.hooks.airflow.providers.standard.hooks.subprocess.SubprocessHook"}
{"timestamp":"2025-07-14T04:11:23.301262","level":"info","event":"\u001b[0m04:11:23  5 of 5 OK created sql view model main.mart_credit_metrics ...................... [\u001b[32mOK\u001b[0m in 0.02s]","logger":"airflow.task.hooks.airflow.providers.standard.hooks.subprocess.SubprocessHook"}
{"timestamp":"2025-07-14T04:11:23.304627","level":"info","event":"\u001b[0m04:11:23","logger":"airflow.task.hooks.airflow.providers.standard.hooks.subprocess.SubprocessHook"}
{"timestamp":"2025-07-14T04:11:23.304758","level":"info","event":"\u001b[0m04:11:23  Finished running 5 view models in 0 hours 0 minutes and 0.22 seconds (0.22s).","logger":"airflow.task.hooks.airflow.providers.standard.hooks.subprocess.SubprocessHook"}
{"timestamp":"2025-07-14T04:11:23.320109","level":"info","event":"\u001b[0m04:11:23","logger":"airflow.task.hooks.airflow.providers.standard.hooks.subprocess.SubprocessHook"}
{"timestamp":"2025-07-14T04:11:23.320357","level":"info","event":"\u001b[0m04:11:23  \u001b[32mCompleted successfully\u001b[0m","logger":"airflow.task.hooks.airflow.providers.standard.hooks.subprocess.SubprocessHook"}
{"timestamp":"2025-07-14T04:11:23.320464","level":"info","event":"\u001b[0m04:11:23","logger":"airflow.task.hooks.airflow.providers.standard.hooks.subprocess.SubprocessHook"}
{"timestamp":"2025-07-14T04:11:23.320707","level":"info","event":"\u001b[0m04:11:23  Done. PASS=5 WARN=0 ERROR=0 SKIP=0 NO-OP=0 TOTAL=5","logger":"airflow.task.hooks.airflow.providers.standard.hooks.subprocess.SubprocessHook"}
{"timestamp":"2025-07-14T04:11:23.675240","level":"info","event":"Command exited with return code 0","logger":"airflow.task.hooks.airflow.providers.standard.hooks.subprocess.SubprocessHook"}
{"timestamp":"2025-07-14T04:11:23.675604","level":"info","event":"Pushing xcom","ti":"RuntimeTaskInstance(id=UUID('01980721-2fcb-797a-b5fb-4f8ae69ab904'), task_id='dbt_run', dag_id='credisk_pipeline_fetch_raw', run_id='manual__2025-07-14T04:11:12.190486+00:00', try_number=1, map_index=-1, hostname='pogtower', context_carrier=None, task=<Task(BashOperator): dbt_run>, bundle_instance=LocalDagBundle(name=dags-folder), max_tries=1, start_date=datetime.datetime(2025, 7, 14, 4, 11, 21, 325208, tzinfo=TzInfo(UTC)), end_date=None, state=<TaskInstanceState.RUNNING: 'running'>, is_mapped=False, rendered_map_index=None)","logger":"task"}
