{"timestamp":"2025-07-13T07:50:54.444370","level":"info","event":"DAG bundles loaded: dags-folder","logger":"airflow.dag_processing.bundles.manager.DagBundlesManager"}
{"timestamp":"2025-07-13T07:50:54.444746","level":"info","event":"Filling up the DagBag from /home/pog/projects/credriskanalpipe/airflow/dags/pipeline.py","logger":"airflow.models.dagbag.DagBag"}
{"timestamp":"2025-07-13T07:50:54.452010","level":"info","event":"Tmp dir root location: /tmp","logger":"airflow.task.hooks.airflow.providers.standard.hooks.subprocess.SubprocessHook"}
{"timestamp":"2025-07-13T07:50:54.452194","level":"info","event":"Running command: ['/usr/bin/bash', '-c', 'cd /home/pog/projects/credriskanalpipe && python3 scripts/fetch_raw.py']","logger":"airflow.task.hooks.airflow.providers.standard.hooks.subprocess.SubprocessHook"}
{"timestamp":"2025-07-13T07:50:54.459115","level":"info","event":"Output:","logger":"airflow.task.hooks.airflow.providers.standard.hooks.subprocess.SubprocessHook"}
{"timestamp":"2025-07-13T07:50:56.970824","level":"info","event":"\r[*********************100%***********************]  1 of 1 completed","logger":"airflow.task.hooks.airflow.providers.standard.hooks.subprocess.SubprocessHook"}
{"timestamp":"2025-07-13T07:50:57.463732","level":"info","event":"\r[*********************100%***********************]  1 of 1 completed","logger":"airflow.task.hooks.airflow.providers.standard.hooks.subprocess.SubprocessHook"}
{"timestamp":"2025-07-13T07:50:57.959144","level":"info","event":"\r[*********************100%***********************]  1 of 1 completed","logger":"airflow.task.hooks.airflow.providers.standard.hooks.subprocess.SubprocessHook"}
{"timestamp":"2025-07-13T07:50:58.627923","level":"info","event":"\r[*********************100%***********************]  1 of 1 completed","logger":"airflow.task.hooks.airflow.providers.standard.hooks.subprocess.SubprocessHook"}
{"timestamp":"2025-07-13T07:50:58.896728","level":"info","event":"\r[*********************100%***********************]  1 of 1 completed","logger":"airflow.task.hooks.airflow.providers.standard.hooks.subprocess.SubprocessHook"}
{"timestamp":"2025-07-13T07:50:59.419086","level":"info","event":"Downloading Lending Club data from https://resources.lendingclub.com/LoanStats3a.csv.zip ...","logger":"airflow.task.hooks.airflow.providers.standard.hooks.subprocess.SubprocessHook"}
{"timestamp":"2025-07-13T07:50:59.419171","level":"info","event":"Success! Saved to /home/pog/projects/credriskanalpipe/data/raw/LoanStats3a.csv.zip","logger":"airflow.task.hooks.airflow.providers.standard.hooks.subprocess.SubprocessHook"}
{"timestamp":"2025-07-13T07:50:59.419213","level":"info","event":"Wrote /home/pog/projects/credriskanalpipe/data/raw/bank_prices/JPM.csv","logger":"airflow.task.hooks.airflow.providers.standard.hooks.subprocess.SubprocessHook"}
{"timestamp":"2025-07-13T07:50:59.419243","level":"info","event":"Wrote /home/pog/projects/credriskanalpipe/data/raw/bank_prices/BAC.csv","logger":"airflow.task.hooks.airflow.providers.standard.hooks.subprocess.SubprocessHook"}
{"timestamp":"2025-07-13T07:50:59.419277","level":"info","event":"Wrote /home/pog/projects/credriskanalpipe/data/raw/bank_prices/C.csv","logger":"airflow.task.hooks.airflow.providers.standard.hooks.subprocess.SubprocessHook"}
{"timestamp":"2025-07-13T07:50:59.419303","level":"info","event":"Wrote /home/pog/projects/credriskanalpipe/data/raw/bank_prices/WFC.csv","logger":"airflow.task.hooks.airflow.providers.standard.hooks.subprocess.SubprocessHook"}
{"timestamp":"2025-07-13T07:50:59.419330","level":"info","event":"Wrote /home/pog/projects/credriskanalpipe/data/raw/bank_prices/GS.csv","logger":"airflow.task.hooks.airflow.providers.standard.hooks.subprocess.SubprocessHook"}
{"timestamp":"2025-07-13T07:50:59.419361","level":"info","event":"Wrote /home/pog/projects/credriskanalpipe/data/raw/macro.csv","logger":"airflow.task.hooks.airflow.providers.standard.hooks.subprocess.SubprocessHook"}
{"timestamp":"2025-07-13T07:50:59.419392","level":"info","event":"✅ All raw data downloaded to data/raw/","logger":"airflow.task.hooks.airflow.providers.standard.hooks.subprocess.SubprocessHook"}
{"timestamp":"2025-07-13T07:50:59.468273","level":"info","event":"Command exited with return code 0","logger":"airflow.task.hooks.airflow.providers.standard.hooks.subprocess.SubprocessHook"}
{"timestamp":"2025-07-13T07:50:59.468645","level":"info","event":"Pushing xcom","ti":"RuntimeTaskInstance(id=UUID('019802bf-62ce-7635-b658-0eb49ce2c8fe'), task_id='fetch_raw_data', dag_id='credisk_pipeline_fetch_raw', run_id='scheduled__2025-07-13T00:00:00+00:00', try_number=2, map_index=-1, hostname='pogtower', context_carrier=None, task=<Task(BashOperator): fetch_raw_data>, bundle_instance=LocalDagBundle(name=dags-folder), max_tries=1, start_date=datetime.datetime(2025, 7, 13, 7, 50, 54, 57603, tzinfo=TzInfo(UTC)), end_date=None, state=<TaskInstanceState.RUNNING: 'running'>, is_mapped=False, rendered_map_index=None)","logger":"task"}
