{"timestamp":"2025-07-14T02:59:38.466141","level":"info","event":"DAG bundles loaded: dags-folder","logger":"airflow.dag_processing.bundles.manager.DagBundlesManager"}
{"timestamp":"2025-07-14T02:59:38.466474","level":"info","event":"Filling up the DagBag from /home/pog/projects/credriskanalpipe/airflow/dags/pipeline.py","logger":"airflow.models.dagbag.DagBag"}
{"timestamp":"2025-07-14T02:59:38.475582","level":"info","event":"Tmp dir root location: /tmp","logger":"airflow.task.hooks.airflow.providers.standard.hooks.subprocess.SubprocessHook"}
{"timestamp":"2025-07-14T02:59:38.475803","level":"info","event":"Running command: ['/usr/bin/bash', '-c', 'cd /home/pog/projects/credriskanalpipe && python3 scripts/fetch_raw.py']","logger":"airflow.task.hooks.airflow.providers.standard.hooks.subprocess.SubprocessHook"}
{"timestamp":"2025-07-14T02:59:38.481944","level":"info","event":"Output:","logger":"airflow.task.hooks.airflow.providers.standard.hooks.subprocess.SubprocessHook"}
{"timestamp":"2025-07-14T02:59:42.446613","level":"info","event":"\r[*********************100%***********************]  1 of 1 completed","logger":"airflow.task.hooks.airflow.providers.standard.hooks.subprocess.SubprocessHook"}
{"timestamp":"2025-07-14T02:59:42.911951","level":"info","event":"\r[*********************100%***********************]  1 of 1 completed","logger":"airflow.task.hooks.airflow.providers.standard.hooks.subprocess.SubprocessHook"}
{"timestamp":"2025-07-14T02:59:43.320279","level":"info","event":"\r[*********************100%***********************]  1 of 1 completed","logger":"airflow.task.hooks.airflow.providers.standard.hooks.subprocess.SubprocessHook"}
{"timestamp":"2025-07-14T02:59:43.822875","level":"info","event":"\r[*********************100%***********************]  1 of 1 completed","logger":"airflow.task.hooks.airflow.providers.standard.hooks.subprocess.SubprocessHook"}
{"timestamp":"2025-07-14T02:59:44.166585","level":"info","event":"\r[*********************100%***********************]  1 of 1 completed","logger":"airflow.task.hooks.airflow.providers.standard.hooks.subprocess.SubprocessHook"}
{"timestamp":"2025-07-14T02:59:44.682682","level":"info","event":"Downloading Lending Club data from https://resources.lendingclub.com/LoanStats3a.csv.zip ...","logger":"airflow.task.hooks.airflow.providers.standard.hooks.subprocess.SubprocessHook"}
{"timestamp":"2025-07-14T02:59:44.682770","level":"info","event":"Success! Saved to /home/pog/projects/credriskanalpipe/data/raw/LoanStats3a.csv.zip","logger":"airflow.task.hooks.airflow.providers.standard.hooks.subprocess.SubprocessHook"}
{"timestamp":"2025-07-14T02:59:44.682808","level":"info","event":"Wrote /home/pog/projects/credriskanalpipe/data/raw/bank_prices/JPM.csv","logger":"airflow.task.hooks.airflow.providers.standard.hooks.subprocess.SubprocessHook"}
{"timestamp":"2025-07-14T02:59:44.682828","level":"info","event":"Wrote /home/pog/projects/credriskanalpipe/data/raw/bank_prices/BAC.csv","logger":"airflow.task.hooks.airflow.providers.standard.hooks.subprocess.SubprocessHook"}
{"timestamp":"2025-07-14T02:59:44.682846","level":"info","event":"Wrote /home/pog/projects/credriskanalpipe/data/raw/bank_prices/C.csv","logger":"airflow.task.hooks.airflow.providers.standard.hooks.subprocess.SubprocessHook"}
{"timestamp":"2025-07-14T02:59:44.682862","level":"info","event":"Wrote /home/pog/projects/credriskanalpipe/data/raw/bank_prices/WFC.csv","logger":"airflow.task.hooks.airflow.providers.standard.hooks.subprocess.SubprocessHook"}
{"timestamp":"2025-07-14T02:59:44.682878","level":"info","event":"Wrote /home/pog/projects/credriskanalpipe/data/raw/bank_prices/GS.csv","logger":"airflow.task.hooks.airflow.providers.standard.hooks.subprocess.SubprocessHook"}
{"timestamp":"2025-07-14T02:59:44.682896","level":"info","event":"Wrote /home/pog/projects/credriskanalpipe/data/raw/macro.csv","logger":"airflow.task.hooks.airflow.providers.standard.hooks.subprocess.SubprocessHook"}
{"timestamp":"2025-07-14T02:59:44.682913","level":"info","event":"✅ All raw data downloaded to data/raw/","logger":"airflow.task.hooks.airflow.providers.standard.hooks.subprocess.SubprocessHook"}
{"timestamp":"2025-07-14T02:59:44.736503","level":"info","event":"Command exited with return code 0","logger":"airflow.task.hooks.airflow.providers.standard.hooks.subprocess.SubprocessHook"}
{"timestamp":"2025-07-14T02:59:44.736839","level":"info","event":"Pushing xcom","ti":"RuntimeTaskInstance(id=UUID('019806df-aad7-775b-98a8-436a360791f5'), task_id='fetch_raw_data', dag_id='credisk_pipeline_fetch_raw', run_id='manual__2025-07-14T02:59:38.320189+00:00', try_number=1, map_index=-1, hostname='pogtower', context_carrier=None, task=<Task(BashOperator): fetch_raw_data>, bundle_instance=LocalDagBundle(name=dags-folder), max_tries=1, start_date=datetime.datetime(2025, 7, 14, 2, 59, 38, 443090, tzinfo=TzInfo(UTC)), end_date=None, state=<TaskInstanceState.RUNNING: 'running'>, is_mapped=False, rendered_map_index=None)","logger":"task"}
