{"timestamp":"2025-07-14T02:59:17.432166","level":"info","event":"DAG bundles loaded: dags-folder","logger":"airflow.dag_processing.bundles.manager.DagBundlesManager"}
{"timestamp":"2025-07-14T02:59:17.432425","level":"info","event":"Filling up the DagBag from /home/pog/projects/credriskanalpipe/airflow/dags/pipeline.py","logger":"airflow.models.dagbag.DagBag"}
{"timestamp":"2025-07-14T02:59:17.438106","level":"info","event":"Tmp dir root location: /tmp","logger":"airflow.task.hooks.airflow.providers.standard.hooks.subprocess.SubprocessHook"}
{"timestamp":"2025-07-14T02:59:17.438313","level":"info","event":"Running command: ['/usr/bin/bash', '-c', 'cd /home/pog/projects/credriskanalpipe && python3 scripts/fetch_raw.py']","logger":"airflow.task.hooks.airflow.providers.standard.hooks.subprocess.SubprocessHook"}
{"timestamp":"2025-07-14T02:59:17.444018","level":"info","event":"Output:","logger":"airflow.task.hooks.airflow.providers.standard.hooks.subprocess.SubprocessHook"}
{"timestamp":"2025-07-14T02:59:21.773715","level":"info","event":"\r[*********************100%***********************]  1 of 1 completed","logger":"airflow.task.hooks.airflow.providers.standard.hooks.subprocess.SubprocessHook"}
{"timestamp":"2025-07-14T02:59:22.220859","level":"info","event":"\r[*********************100%***********************]  1 of 1 completed","logger":"airflow.task.hooks.airflow.providers.standard.hooks.subprocess.SubprocessHook"}
{"timestamp":"2025-07-14T02:59:22.901789","level":"info","event":"\r[*********************100%***********************]  1 of 1 completed","logger":"airflow.task.hooks.airflow.providers.standard.hooks.subprocess.SubprocessHook"}
{"timestamp":"2025-07-14T02:59:23.686263","level":"info","event":"\r[*********************100%***********************]  1 of 1 completed","logger":"airflow.task.hooks.airflow.providers.standard.hooks.subprocess.SubprocessHook"}
{"timestamp":"2025-07-14T02:59:24.116825","level":"info","event":"\r[*********************100%***********************]  1 of 1 completed","logger":"airflow.task.hooks.airflow.providers.standard.hooks.subprocess.SubprocessHook"}
{"timestamp":"2025-07-14T02:59:24.725187","level":"info","event":"Downloading Lending Club data from https://resources.lendingclub.com/LoanStats3a.csv.zip ...","logger":"airflow.task.hooks.airflow.providers.standard.hooks.subprocess.SubprocessHook"}
{"timestamp":"2025-07-14T02:59:24.725261","level":"info","event":"Success! Saved to /home/pog/projects/credriskanalpipe/data/raw/LoanStats3a.csv.zip","logger":"airflow.task.hooks.airflow.providers.standard.hooks.subprocess.SubprocessHook"}
{"timestamp":"2025-07-14T02:59:24.725284","level":"info","event":"Wrote /home/pog/projects/credriskanalpipe/data/raw/bank_prices/JPM.csv","logger":"airflow.task.hooks.airflow.providers.standard.hooks.subprocess.SubprocessHook"}
{"timestamp":"2025-07-14T02:59:24.725303","level":"info","event":"Wrote /home/pog/projects/credriskanalpipe/data/raw/bank_prices/BAC.csv","logger":"airflow.task.hooks.airflow.providers.standard.hooks.subprocess.SubprocessHook"}
{"timestamp":"2025-07-14T02:59:24.725319","level":"info","event":"Wrote /home/pog/projects/credriskanalpipe/data/raw/bank_prices/C.csv","logger":"airflow.task.hooks.airflow.providers.standard.hooks.subprocess.SubprocessHook"}
{"timestamp":"2025-07-14T02:59:24.725335","level":"info","event":"Wrote /home/pog/projects/credriskanalpipe/data/raw/bank_prices/WFC.csv","logger":"airflow.task.hooks.airflow.providers.standard.hooks.subprocess.SubprocessHook"}
{"timestamp":"2025-07-14T02:59:24.725355","level":"info","event":"Wrote /home/pog/projects/credriskanalpipe/data/raw/bank_prices/GS.csv","logger":"airflow.task.hooks.airflow.providers.standard.hooks.subprocess.SubprocessHook"}
{"timestamp":"2025-07-14T02:59:24.725372","level":"info","event":"Wrote /home/pog/projects/credriskanalpipe/data/raw/macro.csv","logger":"airflow.task.hooks.airflow.providers.standard.hooks.subprocess.SubprocessHook"}
{"timestamp":"2025-07-14T02:59:24.725391","level":"info","event":"✅ All raw data downloaded to data/raw/","logger":"airflow.task.hooks.airflow.providers.standard.hooks.subprocess.SubprocessHook"}
{"timestamp":"2025-07-14T02:59:24.776272","level":"info","event":"Command exited with return code 0","logger":"airflow.task.hooks.airflow.providers.standard.hooks.subprocess.SubprocessHook"}
{"timestamp":"2025-07-14T02:59:24.776613","level":"info","event":"Pushing xcom","ti":"RuntimeTaskInstance(id=UUID('019806df-4d38-7025-8059-779ecb601ca6'), task_id='fetch_raw_data', dag_id='credisk_pipeline_fetch_raw', run_id='scheduled__2025-07-14T00:00:00+00:00', try_number=1, map_index=-1, hostname='pogtower', context_carrier=None, task=<Task(BashOperator): fetch_raw_data>, bundle_instance=LocalDagBundle(name=dags-folder), max_tries=1, start_date=datetime.datetime(2025, 7, 14, 2, 59, 14, 491631, tzinfo=TzInfo(UTC)), end_date=None, state=<TaskInstanceState.RUNNING: 'running'>, is_mapped=False, rendered_map_index=None)","logger":"task"}
